<?xml version="1.0" encoding="UTF-8"?>
<testsuite xmlns:xsi="http://www.w3.org/2001/XMLSchema-instance" xsi:noNamespaceSchemaLocation="https://maven.apache.org/surefire/maven-surefire-plugin/xsd/surefire-test-report.xsd" version="3.0.2" name="app.xinqianmao.com.admin.MigrationRefactorTest" time="8.401" tests="16" errors="0" skipped="0" failures="0">
  <properties>
[...]
</properties>
  <testcase name="step2MigrateInputOptions" classname="app.xinqianmao.com.admin.MigrationRefactorTest" time="1.363">
    <system-out><![CDATA[
  .   ____          _            __ _ _
 /\\ / ___'_ __ _ _(_)_ __  __ _ \ \ \ \
( ( )\___ | '_ | '_| | '_ \/ _` | \ \ \ \
 \\/  ___)| |_)| | | | | || (_| |  ) ) ) )
  '  |____| .__|_| |_|_| |_\__, | / / / /
 =========|_|==============|___/=/_/_/_/

 :: Spring Boot ::                (v3.4.1)

2026-05-18T18:34:31.604+08:00  INFO 24904 --- [mypet-admin-test] [           main] a.x.com.admin.MigrationRefactorTest      : Starting MigrationRefactorTest using Java 21.0.11 with PID 24904 (started by 91461 in F:\MyWorkspace\project\mypet\java\mypet-server\admin)
2026-05-18T18:34:31.604+08:00 DEBUG 24904 --- [mypet-admin-test] [           main] a.x.com.admin.MigrationRefactorTest      : Running with Spring Boot v3.4.1, Spring v6.2.1
2026-05-18T18:34:31.604+08:00  INFO 24904 --- [mypet-admin-test] [           main] a.x.com.admin.MigrationRefactorTest      : No active profile set, falling back to 1 default profile: "default"
2026-05-18T18:34:33.584+08:00  INFO 24904 --- [mypet-admin-test] [           main] a.x.c.c.dao.TenantDataSourceManager      : Config DataSource initialized: mypet_config
 _ _   |_  _ _|_. ___ _ |    _ 
| | |\/|_)(_| | |_\  |_)||_|_\ 
     /               |         
                        3.5.9 
2026-05-18T18:34:34.756+08:00  WARN 24904 --- [mypet-admin-test] [           main] c.b.m.core.metadata.TableInfoHelper      : Can not find table primary key in Class: "app.xinqianmao.com.admin.common.entity.OrderProduct".
2026-05-18T18:34:34.756+08:00  WARN 24904 --- [mypet-admin-test] [           main] c.b.m.core.injector.DefaultSqlInjector   : class app.xinqianmao.com.admin.common.entity.OrderProduct ,Not found @TableId annotation, Cannot use Mybatis-Plus 'xxById' Method.
2026-05-18T18:34:34.774+08:00  WARN 24904 --- [mypet-admin-test] [           main] c.b.m.core.metadata.TableInfoHelper      : Can not find table primary key in Class: "app.xinqianmao.com.admin.common.entity.OrderProductSku".
2026-05-18T18:34:34.774+08:00  WARN 24904 --- [mypet-admin-test] [           main] c.b.m.core.injector.DefaultSqlInjector   : class app.xinqianmao.com.admin.common.entity.OrderProductSku ,Not found @TableId annotation, Cannot use Mybatis-Plus 'xxById' Method.
2026-05-18T18:34:37.261+08:00  WARN 24904 --- [mypet-admin-test] [           main] c.b.m.core.metadata.TableInfoHelper      : Can not find table primary key in Class: "app.xinqianmao.com.admin.common.entity.OrderProductProperty".
2026-05-18T18:34:37.261+08:00  WARN 24904 --- [mypet-admin-test] [           main] c.b.m.core.injector.DefaultSqlInjector   : class app.xinqianmao.com.admin.common.entity.OrderProductProperty ,Not found @TableId annotation, Cannot use Mybatis-Plus 'xxById' Method.
2026-05-18T18:34:37.416+08:00  INFO 24904 --- [mypet-admin-test] [           main] a.x.com.admin.MigrationRefactorTest      : Started MigrationRefactorTest in 6.226 seconds (process running for 7.415)
]]></system-out>
    <system-err><![CDATA[Mockito is currently self-attaching to enable the inline-mock-maker. This will no longer work in future releases of the JDK. Please add Mockito as an agent to your build what is described in Mockito's documentation: https://javadoc.io/doc/org.mockito/mockito-core/latest/org/mockito/Mockito.html#0.3
WARNING: A Java agent has been loaded dynamically (D:\maven\repo\net\bytebuddy\byte-buddy-agent\1.15.11\byte-buddy-agent-1.15.11.jar)
WARNING: If a serviceability tool is in use, please run with -XX:+EnableDynamicAgentLoading to hide this warning
WARNING: If a serviceability tool is not in use, please run with -Djdk.instrument.traceUsage for more information
WARNING: Dynamic loading of agents will be disallowed by default in a future release
]]></system-err>
  </testcase>
  <testcase name="sql002aSetup" classname="app.xinqianmao.com.admin.MigrationRefactorTest" time="0.008"/>
  <testcase name="req3CartSpecsFormat" classname="app.xinqianmao.com.admin.MigrationRefactorTest" time="0.012"/>
  <testcase name="splitSqlMultiDollar" classname="app.xinqianmao.com.admin.MigrationRefactorTest" time="0.006"/>
  <testcase name="edgeEmptyArrayReturnsNull" classname="app.xinqianmao.com.admin.MigrationRefactorTest" time="0.007"/>
  <testcase name="step7ValidationPreventsSwap" classname="app.xinqianmao.com.admin.MigrationRefactorTest" time="0.079"/>
  <testcase name="step6ConvertSpecsWithValidValues" classname="app.xinqianmao.com.admin.MigrationRefactorTest" time="0.008"/>
  <testcase name="splitSqlDollarBlock" classname="app.xinqianmao.com.admin.MigrationRefactorTest" time="0.008"/>
  <testcase name="req1ProductSkuSpecsFormat" classname="app.xinqianmao.com.admin.MigrationRefactorTest" time="0.01"/>
  <testcase name="req2OrderProductSkusSpecsFormat" classname="app.xinqianmao.com.admin.MigrationRefactorTest" time="0.005"/>
  <testcase name="edgePartialMatch" classname="app.xinqianmao.com.admin.MigrationRefactorTest" time="0.01">
    <system-out><![CDATA[[WARN] spec_name='不存在的' not found in t_product_specs
]]></system-out>
  </testcase>
  <testcase name="edgeAllUnmatchedReturnsNull" classname="app.xinqianmao.com.admin.MigrationRefactorTest" time="0.007">
    <system-out><![CDATA[[WARN] spec_name='不存在的规格' not found in t_product_specs
]]></system-out>
  </testcase>
  <testcase name="edgeAlreadyNewFormat" classname="app.xinqianmao.com.admin.MigrationRefactorTest" time="0.007"/>
  <testcase name="step7ValidationPassesSwapExecutes" classname="app.xinqianmao.com.admin.MigrationRefactorTest" time="0.028"/>
  <testcase name="step6ConvertSpecsForOrderSkus" classname="app.xinqianmao.com.admin.MigrationRefactorTest" time="0.003"/>
  <testcase name="sql002bFinalize" classname="app.xinqianmao.com.admin.MigrationRefactorTest" time="0.005"/>
</testsuite>