<?xml version="1.0" encoding="UTF-8"?>
<testsuite xmlns:xsi="http://www.w3.org/2001/XMLSchema-instance" xsi:noNamespaceSchemaLocation="https://maven.apache.org/surefire/maven-surefire-plugin/xsd/surefire-test-report.xsd" version="3.0.2" name="app.xinqianmao.com.frontend.FullFlowTest" time="10.095" tests="1" errors="0" skipped="0" failures="0">
  <properties>
[...]
</properties>
  <testcase name="pickMembersAndProducts" classname="app.xinqianmao.com.frontend.FullFlowTest" time="1.581">
    <system-out><![CDATA[[OK] Database exists: mypet_config
[OK] Database exists: mypet_empty
[OK] Database exists: mypet_xlong
[DbInit] Running F:/MyWorkspace/project/mypet/java/mypet-server/sql/init-config.sql on jdbc:postgresql://127.0.0.1:1800/mypet_config
[DbInit] Done F:/MyWorkspace/project/mypet/java/mypet-server/sql/init-config.sql: 4 statements executed
[DbInit] Running F:/MyWorkspace/project/mypet/java/mypet-server/sql/init-empty.sql on jdbc:postgresql://127.0.0.1:1800/mypet_empty
[DbInit] Done F:/MyWorkspace/project/mypet/java/mypet-server/sql/init-empty.sql: 27 statements executed
[DbInit] Running F:/MyWorkspace/project/mypet/java/mypet-server/sql/init-empty.sql on jdbc:postgresql://127.0.0.1:1800/mypet_xlong
[DbInit] Done F:/MyWorkspace/project/mypet/java/mypet-server/sql/init-empty.sql: 27 statements executed
[MIG] OK: ALTER TABLE t_product ADD COLUMN IF NOT EXISTS is_enable SMALLINT NOT NULL DEFAU...
[MIG] OK: ALTER TABLE t_product ADD COLUMN IF NOT EXISTS is_enable SMALLINT NOT NULL DEFAU...
[DbInit] All databases initialized (existing data preserved)

  .   ____          _            __ _ _
 /\\ / ___'_ __ _ _(_)_ __  __ _ \ \ \ \
( ( )\___ | '_ | '_| | '_ \/ _` | \ \ \ \
 \\/  ___)| |_)| | | | | || (_| |  ) ) ) )
  '  |____| .__|_| |_|_| |_\__, | / / / /
 =========|_|==============|___/=/_/_/_/

 :: Spring Boot ::                (v3.4.1)

2026-05-07T09:47:11.638+08:00  INFO 23488 --- [mypet-frontend-test] [           main] a.xinqianmao.com.frontend.FullFlowTest   : Starting FullFlowTest using Java 21.0.11 with PID 23488 (started by 91461 in F:\MyWorkspace\project\mypet\java\mypet-server\frontend)
2026-05-07T09:47:11.647+08:00 DEBUG 23488 --- [mypet-frontend-test] [           main] a.xinqianmao.com.frontend.FullFlowTest   : Running with Spring Boot v3.4.1, Spring v6.2.1
2026-05-07T09:47:11.649+08:00  INFO 23488 --- [mypet-frontend-test] [           main] a.xinqianmao.com.frontend.FullFlowTest   : No active profile set, falling back to 1 default profile: "default"
2026-05-07T09:47:15.268+08:00  INFO 23488 --- [mypet-frontend-test] [           main] a.x.c.c.dao.TenantDataSourceManager      : Config DataSource initialized: mypet_config
 _ _   |_  _ _|_. ___ _ |    _ 
| | |\/|_)(_| | |_\  |_)||_|_\ 
     /               |         
                        3.5.9 
2026-05-07T09:47:16.159+08:00  WARN 23488 --- [mypet-frontend-test] [           main] c.b.m.core.metadata.TableInfoHelper      : Can not find table primary key in Class: "app.xinqianmao.com.frontend.common.entity.Shop".
2026-05-07T09:47:16.165+08:00  WARN 23488 --- [mypet-frontend-test] [           main] c.b.m.core.injector.DefaultSqlInjector   : class app.xinqianmao.com.frontend.common.entity.Shop ,Not found @TableId annotation, Cannot use Mybatis-Plus 'xxById' Method.
2026-05-07T09:47:16.184+08:00  WARN 23488 --- [mypet-frontend-test] [           main] c.b.m.core.metadata.TableInfoHelper      : Can not find table primary key in Class: "app.xinqianmao.com.frontend.common.entity.HotProduct".
2026-05-07T09:47:16.184+08:00  WARN 23488 --- [mypet-frontend-test] [           main] c.b.m.core.injector.DefaultSqlInjector   : class app.xinqianmao.com.frontend.common.entity.HotProduct ,Not found @TableId annotation, Cannot use Mybatis-Plus 'xxById' Method.
2026-05-07T09:47:16.457+08:00  WARN 23488 --- [mypet-frontend-test] [           main] c.b.m.core.metadata.TableInfoHelper      : Can not find table primary key in Class: "app.xinqianmao.com.frontend.common.entity.OrderProduct".
2026-05-07T09:47:16.457+08:00  WARN 23488 --- [mypet-frontend-test] [           main] c.b.m.core.injector.DefaultSqlInjector   : class app.xinqianmao.com.frontend.common.entity.OrderProduct ,Not found @TableId annotation, Cannot use Mybatis-Plus 'xxById' Method.
2026-05-07T09:47:16.480+08:00  WARN 23488 --- [mypet-frontend-test] [           main] c.b.m.core.metadata.TableInfoHelper      : Can not find table primary key in Class: "app.xinqianmao.com.frontend.common.entity.OrderProductSku".
2026-05-07T09:47:16.480+08:00  WARN 23488 --- [mypet-frontend-test] [           main] c.b.m.core.injector.DefaultSqlInjector   : class app.xinqianmao.com.frontend.common.entity.OrderProductSku ,Not found @TableId annotation, Cannot use Mybatis-Plus 'xxById' Method.
2026-05-07T09:47:17.678+08:00  INFO 23488 --- [mypet-frontend-test] [           main] a.xinqianmao.com.frontend.FullFlowTest   : Started FullFlowTest in 6.908 seconds (process running for 9.752)
2026-05-07T09:47:18.946+08:00 DEBUG 23488 --- [mypet-frontend-test] [           main] a.x.com.common.dao.DynamicDataSource     : DynamicDataSource routing to: xlong
2026-05-07T09:47:18.947+08:00  INFO 23488 --- [mypet-frontend-test] [           main] a.x.com.common.dao.DynamicDataSource     : Creating DataSource for tenant: xlong
2026-05-07T09:47:19.005+08:00  INFO 23488 --- [mypet-frontend-test] [           main] a.x.c.c.dao.TenantDataSourceManager      : Tenant database 'mypet_xlong' already exists
2026-05-07T09:47:19.034+08:00 DEBUG 23488 --- [mypet-frontend-test] [           main] a.x.c.f.dao.MemberMapper.selectList      : ==>  Preparing: SELECT id,account,mobile,avatar,nickname,create_time,modify_time FROM t_member ORDER BY create_time ASC
2026-05-07T09:47:19.051+08:00 DEBUG 23488 --- [mypet-frontend-test] [           main] a.x.c.f.dao.MemberMapper.selectList      : ==> Parameters: 
2026-05-07T09:47:19.078+08:00 DEBUG 23488 --- [mypet-frontend-test] [           main] a.x.c.f.dao.MemberMapper.selectList      : <==      Total: 30
Members: 4b3cb39267ed4a928b4e964e4c840273     / 5c0ef5021f264be78258e7495b66621d     / 7dca5519e30342538b81404640357050    
2026-05-07T09:47:19.221+08:00 DEBUG 23488 --- [mypet-frontend-test] [           main] a.x.com.common.dao.DynamicDataSource     : DynamicDataSource routing to: xlong
2026-05-07T09:47:19.222+08:00 DEBUG 23488 --- [mypet-frontend-test] [           main] a.x.c.f.dao.ProductMapper.selectList     : ==>  Preparing: SELECT id,product_type,product_category,name,"desc",price,old_price,main_pictures,picture,detail,sort,is_enable,create_time,modify_time FROM t_product WHERE (is_enable = ?)
2026-05-07T09:47:19.223+08:00 DEBUG 23488 --- [mypet-frontend-test] [           main] a.x.c.f.dao.ProductMapper.selectList     : ==> Parameters: 1(Integer)
2026-05-07T09:47:19.238+08:00 DEBUG 23488 --- [mypet-frontend-test] [           main] a.x.c.f.dao.ProductMapper.selectList     : <==      Total: 4
2026-05-07T09:47:19.239+08:00 DEBUG 23488 --- [mypet-frontend-test] [           main] a.x.com.common.dao.DynamicDataSource     : DynamicDataSource routing to: xlong
2026-05-07T09:47:19.239+08:00 DEBUG 23488 --- [mypet-frontend-test] [           main] a.x.c.f.dao.ProductSkuMapper.selectList  : ==>  Preparing: SELECT id,product_id,product_type,price,old_price,inventory,picture,specs,create_time,modify_time FROM t_product_sku WHERE (product_id = ?)
2026-05-07T09:47:19.240+08:00 DEBUG 23488 --- [mypet-frontend-test] [           main] a.x.c.f.dao.ProductSkuMapper.selectList  : ==> Parameters: 64b594c0fa76502211db2804230773d3    (String)
2026-05-07T09:47:19.248+08:00 DEBUG 23488 --- [mypet-frontend-test] [           main] a.x.c.f.dao.ProductSkuMapper.selectList  : <==      Total: 1
2026-05-07T09:47:19.250+08:00 DEBUG 23488 --- [mypet-frontend-test] [           main] a.x.com.common.dao.DynamicDataSource     : DynamicDataSource routing to: xlong
2026-05-07T09:47:19.250+08:00 DEBUG 23488 --- [mypet-frontend-test] [           main] a.x.c.f.dao.ProductSkuMapper.selectList  : ==>  Preparing: SELECT id,product_id,product_type,price,old_price,inventory,picture,specs,create_time,modify_time FROM t_product_sku WHERE (product_id = ?)
2026-05-07T09:47:19.250+08:00 DEBUG 23488 --- [mypet-frontend-test] [           main] a.x.c.f.dao.ProductSkuMapper.selectList  : ==> Parameters: 582ef1dc2f2d32e078f11138b094135e    (String)
2026-05-07T09:47:19.252+08:00 DEBUG 23488 --- [mypet-frontend-test] [           main] a.x.c.f.dao.ProductSkuMapper.selectList  : <==      Total: 4
Products: 妮可露混合膨润土豆腐猫砂杀菌除臭1.5Kg (SKU:be870061194c25c4f5d851230dda489c    ) / 麦笛福精品进口高品质高蛋白通用猫粮 (SKU:679ca869e932879cb0322e117c16ed16    )
]]></system-out>
    <system-err><![CDATA[Mockito is currently self-attaching to enable the inline-mock-maker. This will no longer work in future releases of the JDK. Please add Mockito as an agent to your build what is described in Mockito's documentation: https://javadoc.io/doc/org.mockito/mockito-core/latest/org/mockito/Mockito.html#0.3
WARNING: A Java agent has been loaded dynamically (D:\maven\repo\net\bytebuddy\byte-buddy-agent\1.15.11\byte-buddy-agent-1.15.11.jar)
WARNING: If a serviceability tool is in use, please run with -XX:+EnableDynamicAgentLoading to hide this warning
WARNING: If a serviceability tool is not in use, please run with -Djdk.instrument.traceUsage for more information
WARNING: Dynamic loading of agents will be disallowed by default in a future release
]]></system-err>
  </testcase>
</testsuite>